This is pdfTeX, Version 3.14159265-2.6-1.40.19 (TeX Live 2018/W32TeX) (preloaded format=pdflatex 2018.8.22)  28 OCT 2020 13:02
entering extended mode
 restricted \write18 enabled.
 %&-line parsing enabled.
**sanghoon_cv_kor.tex
(./sanghoon_cv_kor.tex
LaTeX2e <2018-04-01> patch level 5
(./res.cls
Document Style `res' <26 Sep 89>.
Document Class: res 2000/05/19 v1.4b Resume class
(c:/texlive/2018/texmf-dist/tex/latex/base/article.cls
Document Class: article 2014/09/29 v1.4h Standard LaTeX document class
(c:/texlive/2018/texmf-dist/tex/latex/base/size11.clo
File: size11.clo 2014/09/29 v1.4h Standard LaTeX file (size option)
)
\c@part=\count80
\c@section=\count81
\c@subsection=\count82
\c@subsubsection=\count83
\c@paragraph=\count84
\c@subparagraph=\count85
\c@figure=\count86
\c@table=\count87
\abovecaptionskip=\skip41
\belowcaptionskip=\skip42
\bibindent=\dimen102
)
No auxiliary output files.

\tabular@text=\toks14
\tabular@head=\toks15
\tabular@tail=\toks16
\@ta=\toks17
\undefined@token=\toks18
\sectionwidth=\dimen103
\sectionskip=\skip43
\resumewidth=\dimen104
\@columnwidth=\dimen105
\c@numberofcolumns=\count88
) (c:/texlive/2018/texmf-dist/tex/latex/base/inputenc.sty
Package: inputenc 2018/04/06 v1.3b Input encoding file
\inpenc@prehook=\toks19
\inpenc@posthook=\toks20
)
(c:/texlive/2018/texmf-dist/tex/latex/enumitem/enumitem.sty
Package: enumitem 2011/09/28 v3.5.2 Customized lists
\enitkv@toks@=\toks21
\labelindent=\skip44
\enit@outerparindent=\dimen106
\enit@toks=\toks22
\enit@inbox=\box26
\enitdp@description=\count89
)
(c:/texlive/2018/texmf-dist/tex/latex/hyperref/hyperref.sty
Package: hyperref 2018/02/06 v6.86b Hypertext links for LaTeX

(c:/texlive/2018/texmf-dist/tex/generic/oberdiek/hobsub-hyperref.sty
Package: hobsub-hyperref 2016/05/16 v1.14 Bundle oberdiek, subset hyperref (HO)


(c:/texlive/2018/texmf-dist/tex/generic/oberdiek/hobsub-generic.sty
Package: hobsub-generic 2016/05/16 v1.14 Bundle oberdiek, subset generic (HO)
Package: hobsub 2016/05/16 v1.14 Construct package bundles (HO)
Package: infwarerr 2016/05/16 v1.4 Providing info/warning/error messages (HO)
Package: ltxcmds 2016/05/16 v1.23 LaTeX kernel commands for general use (HO)
Package: ifluatex 2016/05/16 v1.4 Provides the ifluatex switch (HO)
Package ifluatex Info: LuaTeX not detected.
Package: ifvtex 2016/05/16 v1.6 Detect VTeX and its facilities (HO)
Package ifvtex Info: VTeX not detected.
Package: intcalc 2016/05/16 v1.2 Expandable calculations with integers (HO)
Package: ifpdf 2017/03/15 v3.2 Provides the ifpdf switch
Package: etexcmds 2016/05/16 v1.6 Avoid name clashes with e-TeX commands (HO)
Package etexcmds Info: Could not find \expanded.
(etexcmds)             That can mean that you are not using pdfTeX 1.50 or
(etexcmds)             that some package has redefined \expanded.
(etexcmds)             In the latter case, load this package earlier.
Package: kvsetkeys 2016/05/16 v1.17 Key value parser (HO)
Package: kvdefinekeys 2016/05/16 v1.4 Define keys (HO)
Package: pdftexcmds 2018/01/30 v0.27 Utility functions of pdfTeX for LuaTeX (HO
)
Package pdftexcmds Info: LuaTeX not detected.
Package pdftexcmds Info: \pdf@primitive is available.
Package pdftexcmds Info: \pdf@ifprimitive is available.
Package pdftexcmds Info: \pdfdraftmode found.
Package: pdfescape 2016/05/16 v1.14 Implements pdfTeX's escape features (HO)
Package: bigintcalc 2016/05/16 v1.4 Expandable calculations on big integers (HO
)
Package: bitset 2016/05/16 v1.2 Handle bit-vector datatype (HO)
Package: uniquecounter 2016/05/16 v1.3 Provide unlimited unique counter (HO)
)
Package hobsub Info: Skipping package `hobsub' (already loaded).
Package: letltxmacro 2016/05/16 v1.5 Let assignment for LaTeX macros (HO)
Package: hopatch 2016/05/16 v1.3 Wrapper for package hooks (HO)
Package: xcolor-patch 2016/05/16 xcolor patch
Package: atveryend 2016/05/16 v1.9 Hooks at the very end of document (HO)
Package atveryend Info: \enddocument detected (standard20110627).
Package: atbegshi 2016/06/09 v1.18 At begin shipout hook (HO)
Package: refcount 2016/05/16 v3.5 Data extraction from label references (HO)
Package: hycolor 2016/05/16 v1.8 Color options for hyperref/bookmark (HO)
)
(c:/texlive/2018/texmf-dist/tex/latex/graphics/keyval.sty
Package: keyval 2014/10/28 v1.15 key=value parser (DPC)
\KV@toks@=\toks23
)
(c:/texlive/2018/texmf-dist/tex/generic/ifxetex/ifxetex.sty
Package: ifxetex 2010/09/12 v0.6 Provides ifxetex conditional
)
(c:/texlive/2018/texmf-dist/tex/latex/oberdiek/auxhook.sty
Package: auxhook 2016/05/16 v1.4 Hooks for auxiliary files (HO)
)
(c:/texlive/2018/texmf-dist/tex/latex/oberdiek/kvoptions.sty
Package: kvoptions 2016/05/16 v3.12 Key value format for package options (HO)
)
\@linkdim=\dimen107
\Hy@linkcounter=\count90
\Hy@pagecounter=\count91

(c:/texlive/2018/texmf-dist/tex/latex/hyperref/pd1enc.def
File: pd1enc.def 2018/02/06 v6.86b Hyperref: PDFDocEncoding definition (HO)
Now handling font encoding PD1 ...
... no UTF-8 mapping file for font encoding PD1
)
\Hy@SavedSpaceFactor=\count92

(c:/texlive/2018/texmf-dist/tex/latex/latexconfig/hyperref.cfg
File: hyperref.cfg 2002/06/06 v1.2 hyperref configuration of TeXLive
)
Package hyperref Info: Hyper figures OFF on input line 4509.
Package hyperref Info: Link nesting OFF on input line 4514.
Package hyperref Info: Hyper index ON on input line 4517.
Package hyperref Info: Plain pages OFF on input line 4524.
Package hyperref Info: Backreferencing OFF on input line 4529.
Package hyperref Info: Implicit mode ON; LaTeX internals redefined.
Package hyperref Info: Bookmarks ON on input line 4762.
\c@Hy@tempcnt=\count93

(c:/texlive/2018/texmf-dist/tex/latex/url/url.sty
\Urlmuskip=\muskip10
Package: url 2013/09/16  ver 3.4  Verb mode for urls, etc.
)
LaTeX Info: Redefining \url on input line 5115.
\XeTeXLinkMargin=\dimen108
\Fld@menulength=\count94
\Field@Width=\dimen109
\Fld@charsize=\dimen110
Package hyperref Info: Hyper figures OFF on input line 6369.
Package hyperref Info: Link nesting OFF on input line 6374.
Package hyperref Info: Hyper index ON on input line 6377.
Package hyperref Info: backreferencing OFF on input line 6384.
Package hyperref Info: Link coloring OFF on input line 6389.
Package hyperref Info: Link coloring with OCG OFF on input line 6394.
Package hyperref Info: PDF/A mode OFF on input line 6399.
LaTeX Info: Redefining \ref on input line 6439.
LaTeX Info: Redefining \pageref on input line 6443.
\Hy@abspage=\count95
\c@Item=\count96
\c@Hfootnote=\count97
)
Package hyperref Info: Driver (autodetected): hpdftex.

(c:/texlive/2018/texmf-dist/tex/latex/hyperref/hpdftex.def
File: hpdftex.def 2018/02/06 v6.86b Hyperref driver for pdfTeX
\Fld@listcount=\count98
\c@bookmark@seq@number=\count99

(c:/texlive/2018/texmf-dist/tex/latex/oberdiek/rerunfilecheck.sty
Package: rerunfilecheck 2016/05/16 v1.8 Rerun checks for auxiliary files (HO)
Package uniquecounter Info: New unique counter `rerunfilecheck' on input line 2
82.
)
\Hy@SectionHShift=\skip45
)
(c:/texlive/2018/texmf-dist/tex/latex/xcolor/xcolor.sty
Package: xcolor 2016/05/11 v2.12 LaTeX color extensions (UK)

(c:/texlive/2018/texmf-dist/tex/latex/graphics-cfg/color.cfg
File: color.cfg 2016/01/02 v1.6 sample color configuration
)
Package xcolor Info: Driver file: pdftex.def on input line 225.

(c:/texlive/2018/texmf-dist/tex/latex/graphics-def/pdftex.def
File: pdftex.def 2018/01/08 v1.0l Graphics/color driver for pdftex
)
Package xcolor Info: Model `cmy' substituted by `cmy0' on input line 1348.
Package xcolor Info: Model `hsb' substituted by `rgb' on input line 1352.
Package xcolor Info: Model `RGB' extended on input line 1364.
Package xcolor Info: Model `HTML' substituted by `rgb' on input line 1366.
Package xcolor Info: Model `Hsb' substituted by `hsb' on input line 1367.
Package xcolor Info: Model `tHsb' substituted by `hsb' on input line 1368.
Package xcolor Info: Model `HSB' substituted by `hsb' on input line 1369.
Package xcolor Info: Model `Gray' substituted by `gray' on input line 1370.
Package xcolor Info: Model `wave' substituted by `hsb' on input line 1371.
)
Package hyperref Info: Option `colorlinks' set `true' on input line 15.

(c:/texlive/2018/texmf-dist/tex/latex/cjk-ko/kotex.sty
Package: kotex 2015/04/19 v1.6 Korean TeX (ko.TeX)

(c:/texlive/2018/texmf-dist/tex/latex/kotex-utf/kotex.cfg)
(c:/texlive/2018/texmf-dist/tex/latex/kotex-utf/kotexutf.sty
Package: kotexutf 2015/07/18 v2.1.1 typesetting UTF-8 Korean documents

(c:/texlive/2018/texmf-dist/tex/plain/kotex-plain/kotexutf-core.tex
\unih@ngulpoint=\count100
\dhucs@emph@raise=\dimen111
)
Now handling font encoding LUC ...
... processing UTF-8 mapping file for font encoding LUC

(c:/texlive/2018/texmf-dist/tex/latex/kotex-utf/lucenc.dfu
File: lucenc.dfu 2007/09/05 UTF-8 support for dhucs
   defining Unicode char U+00B7 (decimal 183)
   defining Unicode char U+2018 (decimal 8216)
   defining Unicode char U+2019 (decimal 8217)
   defining Unicode char U+201C (decimal 8220)
   defining Unicode char U+201D (decimal 8221)
   defining Unicode char U+3001 (decimal 12289)
   defining Unicode char U+3002 (decimal 12290)
   defining Unicode char U+3008 (decimal 12296)
   defining Unicode char U+3009 (decimal 12297)
   defining Unicode char U+300A (decimal 12298)
   defining Unicode char U+300B (decimal 12299)
   defining Unicode char U+300C (decimal 12300)
   defining Unicode char U+300D (decimal 12301)
   defining Unicode char U+300E (decimal 12302)
   defining Unicode char U+300F (decimal 12303)
   defining Unicode char U+3010 (decimal 12304)
   defining Unicode char U+3011 (decimal 12305)
   defining Unicode char U+3014 (decimal 12308)
   defining Unicode char U+3015 (decimal 12309)
   defining Unicode char U+3016 (decimal 12310)
   defining Unicode char U+3017 (decimal 12311)
   defining Unicode char U+3018 (decimal 12312)
   defining Unicode char U+3019 (decimal 12313)
   defining Unicode char U+301A (decimal 12314)
   defining Unicode char U+301B (decimal 12315)
   defining Unicode char U+FF01 (decimal 65281)
   defining Unicode char U+FF08 (decimal 65288)
   defining Unicode char U+FF09 (decimal 65289)
   defining Unicode char U+FF0C (decimal 65292)
   defining Unicode char U+FF0E (decimal 65294)
   defining Unicode char U+FF1A (decimal 65306)
   defining Unicode char U+FF1B (decimal 65307)
   defining Unicode char U+FF1C (decimal 65308)
   defining Unicode char U+FF1D (decimal 65309)
   defining Unicode char U+FF1E (decimal 65310)
   defining Unicode char U+FF1F (decimal 65311)
   defining Unicode char U+FF3B (decimal 65339)
   defining Unicode char U+FF3D (decimal 65341)
   defining Unicode char U+FF5B (decimal 65371)
   defining Unicode char U+FF5D (decimal 65373)
   defining Unicode char U+FF61 (decimal 65377)
   defining Unicode char U+FF62 (decimal 65378)
   defining Unicode char U+FF63 (decimal 65379)
   defining Unicode char U+FF64 (decimal 65380)
   defining Unicode char U+FF65 (decimal 65381)
)
\@josa=\count101
\josatoks=\toks24

(c:/texlive/2018/texmf-dist/tex/latex/cjk-ko/kolabels-utf.sty
Package: kolabels-utf 2015/03/20 v1.5 UTF-8 Hangul item labels
)))
(c:/texlive/2018/texmf-dist/tex/latex/amsfonts/amssymb.sty
Package: amssymb 2013/01/14 v3.01 AMS font symbols

(c:/texlive/2018/texmf-dist/tex/latex/amsfonts/amsfonts.sty
Package: amsfonts 2013/01/14 v3.01 Basic AMSFonts support
\@emptytoks=\toks25
\symAMSa=\mathgroup4
\symAMSb=\mathgroup5
LaTeX Font Info:    Overwriting math alphabet `\mathfrak' in version `bold'
(Font)                  U/euf/m/n --> U/euf/b/n on input line 106.
))
(c:/texlive/2018/texmf-dist/tex/latex/soul/soul.sty
Package: soul 2003/11/17 v2.4 letterspacing/underlining (mf)
\SOUL@word=\toks26
\SOUL@lasttoken=\toks27
\SOUL@cmds=\toks28
\SOUL@buffer=\toks29
\SOUL@token=\toks30
\SOUL@spaceskip=\skip46
\SOUL@ttwidth=\dimen112
\SOUL@uldp=\dimen113
\SOUL@ulht=\dimen114
)
(c:/texlive/2018/texmf-dist/tex/latex/psnfss/mathpazo.sty
Package: mathpazo 2005/04/12 PSNFSS-v9.2a Palatino w/ Pazo Math (D.Puga, WaS) 
\symupright=\mathgroup6
)

LaTeX Warning: Unused global option(s):
    [11pt].

No file sanghoon_cv_kor.aux.
LaTeX Font Info:    Checking defaults for OML/cmm/m/it on input line 29.
LaTeX Font Info:    ... okay on input line 29.
LaTeX Font Info:    Checking defaults for T1/cmr/m/n on input line 29.
LaTeX Font Info:    ... okay on input line 29.
LaTeX Font Info:    Checking defaults for OT1/cmr/m/n on input line 29.
LaTeX Font Info:    ... okay on input line 29.
LaTeX Font Info:    Checking defaults for OMS/cmsy/m/n on input line 29.
LaTeX Font Info:    ... okay on input line 29.
LaTeX Font Info:    Checking defaults for OMX/cmex/m/n on input line 29.
LaTeX Font Info:    ... okay on input line 29.
LaTeX Font Info:    Checking defaults for U/cmr/m/n on input line 29.
LaTeX Font Info:    ... okay on input line 29.
LaTeX Font Info:    Checking defaults for PD1/pdf/m/n on input line 29.
LaTeX Font Info:    ... okay on input line 29.
LaTeX Font Info:    Checking defaults for LUC/nanummj/m/n on input line 29.
LaTeX Font Info:    Try loading font information for LUC+nanummj on input line 
29.
(c:/texlive/2018/texmf-dist/tex/latex/nanumtype1/lucnanummj.fd
File: lucnanummj.fd 2013/02/12 v0.1 Nanum Myeongjo font definitions
)
LaTeX Font Info:    ... okay on input line 29.
LaTeX Font Info:    Try loading font information for OT1+pplx on input line 29.


(c:/texlive/2018/texmf-dist/tex/latex/psnfss/ot1pplx.fd
File: ot1pplx.fd 2004/09/06 font definitions for OT1/pplx.
)
\AtBeginShipoutBox=\box27
Package hyperref Info: Link coloring ON on input line 29.

(c:/texlive/2018/texmf-dist/tex/latex/hyperref/nameref.sty
Package: nameref 2016/05/21 v2.44 Cross-referencing by name of section

(c:/texlive/2018/texmf-dist/tex/generic/oberdiek/gettitlestring.sty
Package: gettitlestring 2016/05/16 v1.5 Cleanup title references (HO)
)
\c@section@level=\count102
)
LaTeX Info: Redefining \ref on input line 29.
LaTeX Info: Redefining \pageref on input line 29.
LaTeX Info: Redefining \nameref on input line 29.

(c:/texlive/2018/texmf-dist/tex/context/base/mkii/supp-pdf.mkii
[Loading MPS to PDF converter (version 2006.09.02).]
\scratchcounter=\count103
\scratchdimen=\dimen115
\scratchbox=\box28
\nofMPsegments=\count104
\nofMParguments=\count105
\everyMPshowfont=\toks31
\MPscratchCnt=\count106
\MPscratchDim=\dimen116
\MPnumerator=\count107
\makeMPintoPDFobject=\count108
\everyMPtoPDFconversion=\toks32
)
\big@size=\dimen117
LaTeX Font Info:    Try loading font information for OML+zplm on input line 38.

 (c:/texlive/2018/texmf-dist/tex/latex/psnfss/omlzplm.fd
File: omlzplm.fd 2002/09/08 Fontinst v1.914 font definitions for OML/zplm.
)
LaTeX Font Info:    Try loading font information for OMS+zplm on input line 38.


(c:/texlive/2018/texmf-dist/tex/latex/psnfss/omszplm.fd
File: omszplm.fd 2002/09/08 Fontinst v1.914 font definitions for OMS/zplm.
)
LaTeX Font Info:    Try loading font information for OMX+zplm on input line 38.


(c:/texlive/2018/texmf-dist/tex/latex/psnfss/omxzplm.fd
File: omxzplm.fd 2002/09/08 Fontinst v1.914 font definitions for OMX/zplm.
)
LaTeX Font Info:    Font shape `U/msa/m/n' will be
(Font)              scaled to size 11.40997pt on input line 38.
LaTeX Font Info:    Font shape `U/msa/m/n' will be
(Font)              scaled to size 8.33606pt on input line 38.
LaTeX Font Info:    Font shape `U/msa/m/n' will be
(Font)              scaled to size 6.25204pt on input line 38.
LaTeX Font Info:    Font shape `U/msb/m/n' will be
(Font)              scaled to size 11.40997pt on input line 38.
LaTeX Font Info:    Font shape `U/msb/m/n' will be
(Font)              scaled to size 8.33606pt on input line 38.
LaTeX Font Info:    Font shape `U/msb/m/n' will be
(Font)              scaled to size 6.25204pt on input line 38.
LaTeX Font Info:    Try loading font information for OT1+zplm on input line 38.


(c:/texlive/2018/texmf-dist/tex/latex/psnfss/ot1zplm.fd
File: ot1zplm.fd 2002/09/08 Fontinst v1.914 font definitions for OT1/zplm.
)
LaTeX Font Info:    Font shape `OT1/pplx/bx/n' in size <12> not available
(Font)              Font shape `OT1/pplx/b/n' tried instead on input line 38.
LaTeX Font Info:    Font shape `OT1/pplx/bx/n' in size <20.74> not available
(Font)              Font shape `OT1/pplx/b/n' tried instead on input line 38.
LaTeX Font Info:    Try loading font information for LUC+uhcmj on input line 38
.

(c:/texlive/2018/texmf-dist/tex/latex/kotex-utf/lucuhcmj.fd
File: lucuhcmj.fd 2013/09/26 UHC Myeongjo font definitions
)

LaTeX Font Warning: Font shape `LUC/uhcmj/bx/n' undefined
(Font)              using `LUC/uhcmj/m/n' instead on input line 38.

LaTeX Font Info:    Font shape `OT1/pplx/bx/n' in size <10.95> not available
(Font)              Font shape `OT1/pplx/b/n' tried instead on input line 40.
[1

{c:/texlive/2018/texmf-var/fonts/map/pdftex/updmap/pdftex.map}] [2]
LaTeX Font Info:    Try loading font information for OMS+pplx on input line 112
.
LaTeX Font Info:    No file OMSpplx.fd. on input line 112.


LaTeX Font Warning: Font shape `OMS/pplx/m/n' undefined
(Font)              using `OMS/cmsy/m/n' instead
(Font)              for symbol `textbullet' on input line 112.

LaTeX Font Info:    Font shape `LUC/nanummj/m/it' in size <10.95> not available

(Font)              Font shape `LUC/nanummj/m/sl' tried instead on input line 1
28.
[3]
Package atveryend Info: Empty hook `BeforeClearDocument' on input line 223.
 [4]
Package atveryend Info: Empty hook `AfterLastShipout' on input line 223.
Package atveryend Info: Executing hook `AtVeryEndDocument' on input line 223.
Package atveryend Info: Empty hook `AtEndAfterFileList' on input line 223.


LaTeX Font Warning: Some font shapes were not available, defaults substituted.

Package atveryend Info: Empty hook `AtVeryVeryEnd' on input line 223.
 ) 
Here is how much of TeX's memory you used:
 6629 strings out of 492642
 95598 string characters out of 6133162
 192467 words of memory out of 5000000
 10320 multiletter control sequences out of 15000+600000
 61241 words of font info for 177 fonts, out of 8000000 for 9000
 1141 hyphenation exceptions out of 8191
 28i,8n,48p,963b,825s stack positions out of 5000i,500n,10000p,200000b,80000s
{c:/texlive/2018/texmf-dist/fonts/enc/dvips/base/8r.enc}<c:/texlive/2018/texm
f-dist/fonts/type1/public/amsfonts/cm/cmsy10.pfb><c:/texlive/2018/texmf-dist/fo
nts/type1/public/amsfonts/symbols/msam10.pfb><c:/texlive/2018/texmf-dist/fonts/
type1/public/nanumtype1/nanummjbac.pfb><c:/texlive/2018/texmf-dist/fonts/type1/
public/nanumtype1/nanummjbad.pfb><c:/texlive/2018/texmf-dist/fonts/type1/public
/nanumtype1/nanummjbb0.pfb><c:/texlive/2018/texmf-dist/fonts/type1/public/nanum
type1/nanummjbb1.pfb><c:/texlive/2018/texmf-dist/fonts/type1/public/nanumtype1/
nanummjbb3.pfb><c:/texlive/2018/texmf-dist/fonts/type1/public/nanumtype1/nanumm
jbb7.pfb><c:/texlive/2018/texmf-dist/fonts/type1/public/nanumtype1/nanummjbb8.p
fb><c:/texlive/2018/texmf-dist/fonts/type1/public/nanumtype1/nanummjbb9.pfb><c:
/texlive/2018/texmf-dist/fonts/type1/public/nanumtype1/nanummjbbb.pfb><c:/texli
ve/2018/texmf-dist/fonts/type1/public/nanumtype1/nanummjbbc.pfb><c:/texlive/201
8/texmf-dist/fonts/type1/public/nanumtype1/nanummjbbd.pfb><c:/texlive/2018/texm
f-dist/fonts/type1/public/nanumtype1/nanummjbc0.pfb><c:/texlive/2018/texmf-dist
/fonts/type1/public/nanumtype1/nanummjbc1.pfb><c:/texlive/2018/texmf-dist/fonts
/type1/public/nanumtype1/nanummjbc2.pfb><c:/texlive/2018/texmf-dist/fonts/type1
/public/nanumtype1/nanummjbc5.pfb><c:/texlive/2018/texmf-dist/fonts/type1/publi
c/nanumtype1/nanummjbc6.pfb><c:/texlive/2018/texmf-dist/fonts/type1/public/nanu
mtype1/nanummjbc7.pfb><c:/texlive/2018/texmf-dist/fonts/type1/public/nanumtype1
/nanummjbc8.pfb><c:/texlive/2018/texmf-dist/fonts/type1/public/nanumtype1/nanum
mjbc9.pfb><c:/texlive/2018/texmf-dist/fonts/type1/public/nanumtype1/nanummjbce.
pfb><c:/texlive/2018/texmf-dist/fonts/type1/public/nanumtype1/nanummjbd2.pfb><c
:/texlive/2018/texmf-dist/fonts/type1/public/nanumtype1/nanummjbd5.pfb><c:/texl
ive/2018/texmf-dist/fonts/type1/public/nanumtype1/nanummjbd6.pfb><c:/texlive/20
18/texmf-dist/fonts/type1/public/nanumtype1/nanummjmac.pfb><c:/texlive/2018/tex
mf-dist/fonts/type1/public/nanumtype1/nanummjmad.pfb><c:/texlive/2018/texmf-dis
t/fonts/type1/public/nanumtype1/nanummjmad.pfb><c:/texlive/2018/texmf-dist/font
s/type1/public/nanumtype1/nanummjmae.pfb><c:/texlive/2018/texmf-dist/fonts/type
1/public/nanumtype1/nanummjmb0.pfb><c:/texlive/2018/texmf-dist/fonts/type1/publ
ic/nanumtype1/nanummjmb1.pfb><c:/texlive/2018/texmf-dist/fonts/type1/public/nan
umtype1/nanummjmb1.pfb><c:/texlive/2018/texmf-dist/fonts/type1/public/nanumtype
1/nanummjmb2.pfb><c:/texlive/2018/texmf-dist/fonts/type1/public/nanumtype1/nanu
mmjmb3.pfb><c:/texlive/2018/texmf-dist/fonts/type1/public/nanumtype1/nanummjmb3
.pfb><c:/texlive/2018/texmf-dist/fonts/type1/public/nanumtype1/nanummjmb4.pfb><
c:/texlive/2018/texmf-dist/fonts/type1/public/nanumtype1/nanummjmb5.pfb><c:/tex
live/2018/texmf-dist/fonts/type1/public/nanumtype1/nanummjmb7.pfb><c:/texlive/2
018/texmf-dist/fonts/type1/public/nanumtype1/nanummjmb8.pfb><c:/texlive/2018/te
xmf-dist/fonts/type1/public/nanumtype1/nanummjmb8.pfb><c:/texlive/2018/texmf-di
st/fonts/type1/public/nanumtype1/nanummjmb9.pfb><c:/texlive/2018/texmf-dist/fon
ts/type1/public/nanumtype1/nanummjmba.pfb><c:/texlive/2018/texmf-dist/fonts/typ
e1/public/nanumtype1/nanummjmbb.pfb><c:/texlive/2018/texmf-dist/fonts/type1/pub
lic/nanumtype1/nanummjmbb.pfb><c:/texlive/2018/texmf-dist/fonts/type1/public/na
numtype1/nanummjmbc.pfb><c:/texlive/2018/texmf-dist/fonts/type1/public/nanumtyp
e1/nanummjmbc.pfb><c:/texlive/2018/texmf-dist/fonts/type1/public/nanumtype1/nan
ummjmbd.pfb><c:/texlive/2018/texmf-dist/fonts/type1/public/nanumtype1/nanummjmb
e.pfb><c:/texlive/2018/texmf-dist/fonts/type1/public/nanumtype1/nanummjmc0.pfb>
<c:/texlive/2018/texmf-dist/fonts/type1/public/nanumtype1/nanummjmc0.pfb><c:/te
xlive/2018/texmf-dist/fonts/type1/public/nanumtype1/nanummjmc1.pfb><c:/texlive/
2018/texmf-dist/fonts/type1/public/nanumtype1/nanummjmc1.pfb><c:/texlive/2018/t
exmf-dist/fonts/type1/public/nanumtype1/nanummjmc2.pfb><c:/texlive/2018/texmf-d
ist/fonts/type1/public/nanumtype1/nanummjmc2.pfb><c:/texlive/2018/texmf-dist/fo
nts/type1/public/nanumtype1/nanummjmc5.pfb><c:/texlive/2018/texmf-dist/fonts/ty
pe1/public/nanumtype1/nanummjmc5.pfb><c:/texlive/2018/texmf-dist/fonts/type1/pu
blic/nanumtype1/nanummjmc6.pfb><c:/texlive/2018/texmf-dist/fonts/type1/public/n
anumtype1/nanummjmc6.pfb><c:/texlive/2018/texmf-dist/fonts/type1/public/nanumty
pe1/nanummjmc7.pfb><c:/texlive/2018/texmf-dist/fonts/type1/public/nanumtype1/na
nummjmc7.pfb><c:/texlive/2018/texmf-dist/fonts/type1/public/nanumtype1/nanummjm
c8.pfb><c:/texlive/2018/texmf-dist/fonts/type1/public/nanumtype1/nanummjmc8.pfb
><c:/texlive/2018/texmf-dist/fonts/type1/public/nanumtype1/nanummjmc9.pfb><c:/t
exlive/2018/texmf-dist/fonts/type1/public/nanumtype1/nanummjmcc.pfb><c:/texlive
/2018/texmf-dist/fonts/type1/public/nanumtype1/nanummjmcd.pfb><c:/texlive/2018/
texmf-dist/fonts/type1/public/nanumtype1/nanummjmcd.pfb><c:/texlive/2018/texmf-
dist/fonts/type1/public/nanumtype1/nanummjmce.pfb><c:/texlive/2018/texmf-dist/f
onts/type1/public/nanumtype1/nanummjmce.pfb><c:/texlive/2018/texmf-dist/fonts/t
ype1/public/nanumtype1/nanummjmcf.pfb><c:/texlive/2018/texmf-dist/fonts/type1/p
ublic/nanumtype1/nanummjmd0.pfb><c:/texlive/2018/texmf-dist/fonts/type1/public/
nanumtype1/nanummjmd1.pfb><c:/texlive/2018/texmf-dist/fonts/type1/public/nanumt
ype1/nanummjmd2.pfb><c:/texlive/2018/texmf-dist/fonts/type1/public/nanumtype1/n
anummjmd2.pfb><c:/texlive/2018/texmf-dist/fonts/type1/public/nanumtype1/nanummj
md3.pfb><c:/texlive/2018/texmf-dist/fonts/type1/public/nanumtype1/nanummjmd4.pf
b><c:/texlive/2018/texmf-dist/fonts/type1/public/nanumtype1/nanummjmd5.pfb><c:/
texlive/2018/texmf-dist/fonts/type1/public/nanumtype1/nanummjmd5.pfb><c:/texliv
e/2018/texmf-dist/fonts/type1/public/nanumtype1/nanummjmd6.pfb><c:/texlive/2018
/texmf-dist/fonts/type1/public/nanumtype1/nanummjmd6.pfb><c:/texlive/2018/texmf
-dist/fonts/type1/uhc/umj/umj21.pfb><c:/texlive/2018/texmf-dist/fonts/type1/uhc
/umj/umj26.pfb><c:/texlive/2018/texmf-dist/fonts/type1/uhc/umj/umj34.pfb><c:/te
xlive/2018/texmf-dist/fonts/type1/urw/palatino/uplb8a.pfb><c:/texlive/2018/texm
f-dist/fonts/type1/urw/palatino/uplr8a.pfb><c:/texlive/2018/texmf-dist/fonts/ty
pe1/urw/palatino/uplri8a.pfb>
Output written on sanghoon_cv_kor.pdf (4 pages, 3307170 bytes).
PDF statistics:
 392 PDF objects out of 1000 (max. 8388607)
 298 compressed objects within 3 object streams
 11 named destinations out of 1000 (max. 500000)
 1 words of extra memory for PDF output out of 10000 (max. 10000000)

